<?xml version="1.0" encoding="UTF-8"?>
<!-- Generated by org.testng.reporters.JUnitReportReporter -->
<testsuite hostname="DESKTOP-1I7T66E" failures="0" tests="1" name="cucumber2.runner2" time="40.165" errors="0" timestamp="29 Nov 2022 13:29:19 GMT">
  <testcase classname="cucumber2.runner2" name="runScenario" time="40.165"/>
</testsuite> <!-- cucumber2.runner2 -->
